<?xml version="1.0" encoding="UTF-8"?>
<testsuite name="moviebuddy.data.XmlMovieReaderTest" tests="1" skipped="0" failures="0" errors="0" timestamp="2022-09-19T11:12:20" hostname="DESKTOP-FLOUDI3" time="0.236">
  <properties/>
  <testcase name="NotEmpty_LoadedMovies()" classname="moviebuddy.data.XmlMovieReaderTest" time="0.236"/>
  <system-out><![CDATA[20:12:19.668 [Test worker] DEBUG org.springframework.test.context.BootstrapUtils - Instantiating CacheAwareContextLoaderDelegate from class [org.springframework.test.context.cache.DefaultCacheAwareContextLoaderDelegate]
20:12:19.685 [Test worker] DEBUG org.springframework.test.context.BootstrapUtils - Instantiating BootstrapContext using constructor [public org.springframework.test.context.support.DefaultBootstrapContext(java.lang.Class,org.springframework.test.context.CacheAwareContextLoaderDelegate)]
20:12:19.724 [Test worker] DEBUG org.springframework.test.context.BootstrapUtils - Instantiating TestContextBootstrapper for test class [moviebuddy.data.XmlMovieReaderTest] from class [org.springframework.test.context.support.DefaultTestContextBootstrapper]
20:12:19.758 [Test worker] DEBUG org.springframework.test.context.support.AbstractDelegatingSmartContextLoader - Delegating to AnnotationConfigContextLoader to process context configuration [ContextConfigurationAttributes@4c513dcb declaringClass = 'moviebuddy.data.XmlMovieReaderTest', classes = '{class moviebuddy.MovieBuddyFactory}', locations = '{}', inheritLocations = true, initializers = '{}', inheritInitializers = true, name = [null], contextLoaderClass = 'org.springframework.test.context.ContextLoader'].
20:12:19.793 [Test worker] DEBUG org.springframework.test.context.support.DefaultTestContextBootstrapper - @TestExecutionListeners is not present for class [moviebuddy.data.XmlMovieReaderTest]: using defaults.
20:12:19.794 [Test worker] INFO org.springframework.test.context.support.DefaultTestContextBootstrapper - Loaded default TestExecutionListener class names from location [META-INF/spring.factories]: [org.springframework.test.context.web.ServletTestExecutionListener, org.springframework.test.context.support.DirtiesContextBeforeModesTestExecutionListener, org.springframework.test.context.event.ApplicationEventsTestExecutionListener, org.springframework.test.context.support.DependencyInjectionTestExecutionListener, org.springframework.test.context.support.DirtiesContextTestExecutionListener, org.springframework.test.context.transaction.TransactionalTestExecutionListener, org.springframework.test.context.jdbc.SqlScriptsTestExecutionListener, org.springframework.test.context.event.EventPublishingTestExecutionListener]
20:12:19.802 [Test worker] DEBUG org.springframework.test.context.support.DefaultTestContextBootstrapper - Skipping candidate TestExecutionListener [org.springframework.test.context.web.ServletTestExecutionListener] due to a missing dependency. Specify custom listener classes or make the default listener classes and their required dependencies available. Offending class: [javax/servlet/ServletContext]
20:12:19.805 [Test worker] DEBUG org.springframework.test.context.support.DefaultTestContextBootstrapper - Skipping candidate TestExecutionListener [org.springframework.test.context.transaction.TransactionalTestExecutionListener] due to a missing dependency. Specify custom listener classes or make the default listener classes and their required dependencies available. Offending class: [org/springframework/transaction/interceptor/TransactionAttributeSource]
20:12:19.805 [Test worker] DEBUG org.springframework.test.context.support.DefaultTestContextBootstrapper - Skipping candidate TestExecutionListener [org.springframework.test.context.jdbc.SqlScriptsTestExecutionListener] due to a missing dependency. Specify custom listener classes or make the default listener classes and their required dependencies available. Offending class: [org/springframework/transaction/interceptor/TransactionAttribute]
20:12:19.806 [Test worker] INFO org.springframework.test.context.support.DefaultTestContextBootstrapper - Using TestExecutionListeners: [org.springframework.test.context.support.DirtiesContextBeforeModesTestExecutionListener@69143452, org.springframework.test.context.event.ApplicationEventsTestExecutionListener@3b2eff62, org.springframework.test.context.support.DependencyInjectionTestExecutionListener@3f4d5e7c, org.springframework.test.context.support.DirtiesContextTestExecutionListener@73170ec2, org.springframework.test.context.event.EventPublishingTestExecutionListener@3be90256]
20:12:19.808 [Test worker] DEBUG org.springframework.test.context.support.AbstractDirtiesContextTestExecutionListener - Before test class: context [DefaultTestContext@17ae74da testClass = XmlMovieReaderTest, testInstance = [null], testMethod = [null], testException = [null], mergedContextConfiguration = [MergedContextConfiguration@74acf558 testClass = XmlMovieReaderTest, locations = '{}', classes = '{class moviebuddy.MovieBuddyFactory}', contextInitializerClasses = '[]', activeProfiles = '{xml_mode}', propertySourceLocations = '{}', propertySourceProperties = '{}', contextCustomizers = set[[empty]], contextLoader = 'org.springframework.test.context.support.DelegatingSmartContextLoader', parent = [null]], attributes = map[[empty]]], class annotated with @DirtiesContext [false] with mode [null].
20:12:19.819 [Test worker] DEBUG org.springframework.test.context.support.DependencyInjectionTestExecutionListener - Performing dependency injection for test context [[DefaultTestContext@17ae74da testClass = XmlMovieReaderTest, testInstance = moviebuddy.data.XmlMovieReaderTest@21a1cf52, testMethod = [null], testException = [null], mergedContextConfiguration = [MergedContextConfiguration@74acf558 testClass = XmlMovieReaderTest, locations = '{}', classes = '{class moviebuddy.MovieBuddyFactory}', contextInitializerClasses = '[]', activeProfiles = '{xml_mode}', propertySourceLocations = '{}', propertySourceProperties = '{}', contextCustomizers = set[[empty]], contextLoader = 'org.springframework.test.context.support.DelegatingSmartContextLoader', parent = [null]], attributes = map['org.springframework.test.context.event.ApplicationEventsTestExecutionListener.recordApplicationEvents' -> false]]].
20:12:19.820 [Test worker] DEBUG org.springframework.test.context.support.AbstractDelegatingSmartContextLoader - Delegating to AnnotationConfigContextLoader to load context from [MergedContextConfiguration@74acf558 testClass = XmlMovieReaderTest, locations = '{}', classes = '{class moviebuddy.MovieBuddyFactory}', contextInitializerClasses = '[]', activeProfiles = '{xml_mode}', propertySourceLocations = '{}', propertySourceProperties = '{}', contextCustomizers = set[[empty]], contextLoader = 'org.springframework.test.context.support.DelegatingSmartContextLoader', parent = [null]].
20:12:19.820 [Test worker] DEBUG org.springframework.test.context.support.AbstractGenericContextLoader - Loading ApplicationContext for merged context configuration [[MergedContextConfiguration@74acf558 testClass = XmlMovieReaderTest, locations = '{}', classes = '{class moviebuddy.MovieBuddyFactory}', contextInitializerClasses = '[]', activeProfiles = '{xml_mode}', propertySourceLocations = '{}', propertySourceProperties = '{}', contextCustomizers = set[[empty]], contextLoader = 'org.springframework.test.context.support.DelegatingSmartContextLoader', parent = [null]]].
20:12:19.880 [Test worker] DEBUG org.springframework.core.env.StandardEnvironment - Activating profiles [xml_mode]
20:12:19.880 [Test worker] DEBUG org.springframework.test.context.support.AnnotationConfigContextLoader - Registering component classes: {class moviebuddy.MovieBuddyFactory}
20:12:19.925 [Test worker] DEBUG org.springframework.context.support.GenericApplicationContext - Refreshing org.springframework.context.support.GenericApplicationContext@7d6165c1
20:12:19.944 [Test worker] DEBUG org.springframework.beans.factory.support.DefaultListableBeanFactory - Creating shared instance of singleton bean 'org.springframework.context.annotation.internalConfigurationAnnotationProcessor'
20:12:20.046 [Test worker] DEBUG org.springframework.context.annotation.ClassPathBeanDefinitionScanner - Identified candidate component class: file [C:\Users\joj10\git\repository3\FastCampusAll\moviebuddy\build\classes\java\main\moviebuddy\MovieBuddyFactory$DataSourceModuleConfig.class]
20:12:20.047 [Test worker] DEBUG org.springframework.context.annotation.ClassPathBeanDefinitionScanner - Identified candidate component class: file [C:\Users\joj10\git\repository3\FastCampusAll\moviebuddy\build\classes\java\main\moviebuddy\MovieBuddyFactory$DomainModuleConfig.class]
20:12:20.064 [Test worker] DEBUG org.springframework.context.annotation.ClassPathBeanDefinitionScanner - Identified candidate component class: file [C:\Users\joj10\git\repository3\FastCampusAll\moviebuddy\build\classes\java\main\moviebuddy\data\XmlMovieReader.class]
20:12:20.066 [Test worker] DEBUG org.springframework.context.annotation.ClassPathBeanDefinitionScanner - Identified candidate component class: file [C:\Users\joj10\git\repository3\FastCampusAll\moviebuddy\build\classes\java\main\moviebuddy\domain\MovieFinder.class]
20:12:20.088 [Test worker] DEBUG org.springframework.beans.factory.support.DefaultListableBeanFactory - Overriding bean definition for bean 'xmlMovieReader' with a different definition: replacing [Generic bean: class [moviebuddy.data.XmlMovieReader]; scope=singleton; abstract=false; lazyInit=null; autowireMode=0; dependencyCheck=0; autowireCandidate=true; primary=false; factoryBeanName=null; factoryMethodName=null; initMethodName=null; destroyMethodName=null; defined in file [C:\Users\joj10\git\repository3\FastCampusAll\moviebuddy\build\classes\java\main\moviebuddy\data\XmlMovieReader.class]] with [Root bean: class [null]; scope=; abstract=false; lazyInit=null; autowireMode=3; dependencyCheck=0; autowireCandidate=true; primary=false; factoryBeanName=movieBuddyFactory.DataSourceModuleConfig; factoryMethodName=xmlMovieReader; initMethodName=null; destroyMethodName=(inferred); defined in class path resource [moviebuddy/MovieBuddyFactory$DataSourceModuleConfig.class]]
20:12:20.205 [Test worker] DEBUG org.springframework.beans.factory.support.DefaultListableBeanFactory - Creating shared instance of singleton bean 'org.springframework.context.event.internalEventListenerProcessor'
20:12:20.208 [Test worker] DEBUG org.springframework.beans.factory.support.DefaultListableBeanFactory - Creating shared instance of singleton bean 'org.springframework.context.event.internalEventListenerFactory'
20:12:20.210 [Test worker] DEBUG org.springframework.beans.factory.support.DefaultListableBeanFactory - Creating shared instance of singleton bean 'org.springframework.context.annotation.internalAutowiredAnnotationProcessor'
20:12:20.212 [Test worker] DEBUG org.springframework.beans.factory.support.DefaultListableBeanFactory - Creating shared instance of singleton bean 'org.springframework.context.annotation.internalCommonAnnotationProcessor'
20:12:20.229 [Test worker] DEBUG org.springframework.beans.factory.support.DefaultListableBeanFactory - Creating shared instance of singleton bean 'movieBuddyFactory'
20:12:20.234 [Test worker] DEBUG org.springframework.beans.factory.support.DefaultListableBeanFactory - Creating shared instance of singleton bean 'movieBuddyFactory.DataSourceModuleConfig'
20:12:20.235 [Test worker] DEBUG org.springframework.beans.factory.support.DefaultListableBeanFactory - Creating shared instance of singleton bean 'movieBuddyFactory.DomainModuleConfig'
20:12:20.236 [Test worker] DEBUG org.springframework.beans.factory.support.DefaultListableBeanFactory - Creating shared instance of singleton bean 'xmlMovieReader'
20:12:20.246 [Test worker] DEBUG org.springframework.beans.factory.support.DefaultListableBeanFactory - Creating shared instance of singleton bean 'jaxb2Marshaller'
20:12:20.274 [Test worker] DEBUG org.springframework.oxm.jaxb.Jaxb2Marshaller - Creating JAXBContext by scanning packages [moviebuddy]
20:12:20.291 [Test worker] DEBUG org.springframework.oxm.jaxb.Jaxb2Marshaller - Found JAXB2 classes: [class moviebuddy.data.XmlMovieReader$MovieMetadata]
20:12:20.507 [Test worker] DEBUG org.springframework.beans.factory.support.DefaultListableBeanFactory - Autowiring by type from bean name 'xmlMovieReader' via factory method to bean named 'jaxb2Marshaller'
20:12:20.519 [Test worker] DEBUG org.springframework.beans.factory.support.DefaultListableBeanFactory - Creating shared instance of singleton bean 'movieFinder'
20:12:20.528 [Test worker] DEBUG org.springframework.beans.factory.support.DefaultListableBeanFactory - Autowiring by type from bean name 'movieFinder' via constructor to bean named 'xmlMovieReader'
20:12:20.541 [Test worker] DEBUG org.springframework.test.context.cache.DefaultCacheAwareContextLoaderDelegate - Storing ApplicationContext [2103535041] in cache under key [[MergedContextConfiguration@74acf558 testClass = XmlMovieReaderTest, locations = '{}', classes = '{class moviebuddy.MovieBuddyFactory}', contextInitializerClasses = '[]', activeProfiles = '{xml_mode}', propertySourceLocations = '{}', propertySourceProperties = '{}', contextCustomizers = set[[empty]], contextLoader = 'org.springframework.test.context.support.DelegatingSmartContextLoader', parent = [null]]]
20:12:20.541 [Test worker] DEBUG org.springframework.test.context.cache - Spring test ApplicationContext cache statistics: [DefaultContextCache@3fc4f092 size = 1, maxSize = 32, parentContextCount = 0, hitCount = 0, missCount = 1]
20:12:20.548 [Test worker] DEBUG org.springframework.test.context.cache.DefaultCacheAwareContextLoaderDelegate - Retrieved ApplicationContext [2103535041] from cache with key [[MergedContextConfiguration@74acf558 testClass = XmlMovieReaderTest, locations = '{}', classes = '{class moviebuddy.MovieBuddyFactory}', contextInitializerClasses = '[]', activeProfiles = '{xml_mode}', propertySourceLocations = '{}', propertySourceProperties = '{}', contextCustomizers = set[[empty]], contextLoader = 'org.springframework.test.context.support.DelegatingSmartContextLoader', parent = [null]]]
20:12:20.548 [Test worker] DEBUG org.springframework.test.context.cache - Spring test ApplicationContext cache statistics: [DefaultContextCache@3fc4f092 size = 1, maxSize = 32, parentContextCount = 0, hitCount = 1, missCount = 1]
20:12:20.553 [Test worker] DEBUG org.springframework.test.context.support.AbstractDirtiesContextTestExecutionListener - Before test method: context [DefaultTestContext@17ae74da testClass = XmlMovieReaderTest, testInstance = moviebuddy.data.XmlMovieReaderTest@21a1cf52, testMethod = NotEmpty_LoadedMovies@XmlMovieReaderTest, testException = [null], mergedContextConfiguration = [MergedContextConfiguration@74acf558 testClass = XmlMovieReaderTest, locations = '{}', classes = '{class moviebuddy.MovieBuddyFactory}', contextInitializerClasses = '[]', activeProfiles = '{xml_mode}', propertySourceLocations = '{}', propertySourceProperties = '{}', contextCustomizers = set[[empty]], contextLoader = 'org.springframework.test.context.support.DelegatingSmartContextLoader', parent = [null]], attributes = map['org.springframework.test.context.event.ApplicationEventsTestExecutionListener.recordApplicationEvents' -> false]], class annotated with @DirtiesContext [false] with mode [null], method annotated with @DirtiesContext [false] with mode [null].
20:12:20.554 [Test worker] DEBUG org.springframework.test.context.cache.DefaultCacheAwareContextLoaderDelegate - Retrieved ApplicationContext [2103535041] from cache with key [[MergedContextConfiguration@74acf558 testClass = XmlMovieReaderTest, locations = '{}', classes = '{class moviebuddy.MovieBuddyFactory}', contextInitializerClasses = '[]', activeProfiles = '{xml_mode}', propertySourceLocations = '{}', propertySourceProperties = '{}', contextCustomizers = set[[empty]], contextLoader = 'org.springframework.test.context.support.DelegatingSmartContextLoader', parent = [null]]]
20:12:20.554 [Test worker] DEBUG org.springframework.test.context.cache - Spring test ApplicationContext cache statistics: [DefaultContextCache@3fc4f092 size = 1, maxSize = 32, parentContextCount = 0, hitCount = 2, missCount = 1]
20:12:20.556 [Test worker] DEBUG org.springframework.test.context.cache.DefaultCacheAwareContextLoaderDelegate - Retrieved ApplicationContext [2103535041] from cache with key [[MergedContextConfiguration@74acf558 testClass = XmlMovieReaderTest, locations = '{}', classes = '{class moviebuddy.MovieBuddyFactory}', contextInitializerClasses = '[]', activeProfiles = '{xml_mode}', propertySourceLocations = '{}', propertySourceProperties = '{}', contextCustomizers = set[[empty]], contextLoader = 'org.springframework.test.context.support.DelegatingSmartContextLoader', parent = [null]]]
20:12:20.556 [Test worker] DEBUG org.springframework.test.context.cache - Spring test ApplicationContext cache statistics: [DefaultContextCache@3fc4f092 size = 1, maxSize = 32, parentContextCount = 0, hitCount = 3, missCount = 1]
20:12:20.775 [Test worker] DEBUG org.springframework.test.context.cache.DefaultCacheAwareContextLoaderDelegate - Retrieved ApplicationContext [2103535041] from cache with key [[MergedContextConfiguration@74acf558 testClass = XmlMovieReaderTest, locations = '{}', classes = '{class moviebuddy.MovieBuddyFactory}', contextInitializerClasses = '[]', activeProfiles = '{xml_mode}', propertySourceLocations = '{}', propertySourceProperties = '{}', contextCustomizers = set[[empty]], contextLoader = 'org.springframework.test.context.support.DelegatingSmartContextLoader', parent = [null]]]
20:12:20.775 [Test worker] DEBUG org.springframework.test.context.cache - Spring test ApplicationContext cache statistics: [DefaultContextCache@3fc4f092 size = 1, maxSize = 32, parentContextCount = 0, hitCount = 4, missCount = 1]
20:12:20.777 [Test worker] DEBUG org.springframework.test.context.cache.DefaultCacheAwareContextLoaderDelegate - Retrieved ApplicationContext [2103535041] from cache with key [[MergedContextConfiguration@74acf558 testClass = XmlMovieReaderTest, locations = '{}', classes = '{class moviebuddy.MovieBuddyFactory}', contextInitializerClasses = '[]', activeProfiles = '{xml_mode}', propertySourceLocations = '{}', propertySourceProperties = '{}', contextCustomizers = set[[empty]], contextLoader = 'org.springframework.test.context.support.DelegatingSmartContextLoader', parent = [null]]]
20:12:20.778 [Test worker] DEBUG org.springframework.test.context.cache - Spring test ApplicationContext cache statistics: [DefaultContextCache@3fc4f092 size = 1, maxSize = 32, parentContextCount = 0, hitCount = 5, missCount = 1]
20:12:20.778 [Test worker] DEBUG org.springframework.test.context.support.AbstractDirtiesContextTestExecutionListener - After test method: context [DefaultTestContext@17ae74da testClass = XmlMovieReaderTest, testInstance = moviebuddy.data.XmlMovieReaderTest@21a1cf52, testMethod = NotEmpty_LoadedMovies@XmlMovieReaderTest, testException = [null], mergedContextConfiguration = [MergedContextConfiguration@74acf558 testClass = XmlMovieReaderTest, locations = '{}', classes = '{class moviebuddy.MovieBuddyFactory}', contextInitializerClasses = '[]', activeProfiles = '{xml_mode}', propertySourceLocations = '{}', propertySourceProperties = '{}', contextCustomizers = set[[empty]], contextLoader = 'org.springframework.test.context.support.DelegatingSmartContextLoader', parent = [null]], attributes = map['org.springframework.test.context.event.ApplicationEventsTestExecutionListener.recordApplicationEvents' -> false]], class annotated with @DirtiesContext [false] with mode [null], method annotated with @DirtiesContext [false] with mode [null].
20:12:20.787 [Test worker] DEBUG org.springframework.test.context.cache.DefaultCacheAwareContextLoaderDelegate - Retrieved ApplicationContext [2103535041] from cache with key [[MergedContextConfiguration@74acf558 testClass = XmlMovieReaderTest, locations = '{}', classes = '{class moviebuddy.MovieBuddyFactory}', contextInitializerClasses = '[]', activeProfiles = '{xml_mode}', propertySourceLocations = '{}', propertySourceProperties = '{}', contextCustomizers = set[[empty]], contextLoader = 'org.springframework.test.context.support.DelegatingSmartContextLoader', parent = [null]]]
20:12:20.788 [Test worker] DEBUG org.springframework.test.context.cache - Spring test ApplicationContext cache statistics: [DefaultContextCache@3fc4f092 size = 1, maxSize = 32, parentContextCount = 0, hitCount = 6, missCount = 1]
20:12:20.788 [Test worker] DEBUG org.springframework.test.context.support.AbstractDirtiesContextTestExecutionListener - After test class: context [DefaultTestContext@17ae74da testClass = XmlMovieReaderTest, testInstance = [null], testMethod = [null], testException = [null], mergedContextConfiguration = [MergedContextConfiguration@74acf558 testClass = XmlMovieReaderTest, locations = '{}', classes = '{class moviebuddy.MovieBuddyFactory}', contextInitializerClasses = '[]', activeProfiles = '{xml_mode}', propertySourceLocations = '{}', propertySourceProperties = '{}', contextCustomizers = set[[empty]], contextLoader = 'org.springframework.test.context.support.DelegatingSmartContextLoader', parent = [null]], attributes = map['org.springframework.test.context.event.ApplicationEventsTestExecutionListener.recordApplicationEvents' -> false]], class annotated with @DirtiesContext [false] with mode [null].
]]></system-out>
  <system-err><![CDATA[]]></system-err>
</testsuite>
