<?xml version="1.0" encoding="UTF-8"?>
<testsuite name="moviebuddy.domain.JaxbMovieReaderTest" tests="1" skipped="0" failures="0" errors="0" timestamp="2022-09-19T03:26:58" hostname="DESKTOP-FLOUDI3" time="0.537">
  <properties/>
  <testcase name="NotEmpty_LoadedMovies()" classname="moviebuddy.domain.JaxbMovieReaderTest" time="0.537"/>
  <system-out><![CDATA[]]></system-out>
  <system-err><![CDATA[9월 19, 2022 12:26:57 오후 org.springframework.test.context.support.AbstractTestContextBootstrapper getDefaultTestExecutionListenerClassNames
INFO: Loaded default TestExecutionListener class names from location [META-INF/spring.factories]: [org.springframework.test.context.web.ServletTestExecutionListener, org.springframework.test.context.support.DirtiesContextBeforeModesTestExecutionListener, org.springframework.test.context.event.ApplicationEventsTestExecutionListener, org.springframework.test.context.support.DependencyInjectionTestExecutionListener, org.springframework.test.context.support.DirtiesContextTestExecutionListener, org.springframework.test.context.transaction.TransactionalTestExecutionListener, org.springframework.test.context.jdbc.SqlScriptsTestExecutionListener, org.springframework.test.context.event.EventPublishingTestExecutionListener]
9월 19, 2022 12:26:57 오후 org.springframework.test.context.support.AbstractTestContextBootstrapper getTestExecutionListeners
INFO: Using TestExecutionListeners: [org.springframework.test.context.support.DirtiesContextBeforeModesTestExecutionListener@3202a106, org.springframework.test.context.event.ApplicationEventsTestExecutionListener@67059283, org.springframework.test.context.support.DependencyInjectionTestExecutionListener@13da55b4, org.springframework.test.context.support.DirtiesContextTestExecutionListener@4928c495, org.springframework.test.context.event.EventPublishingTestExecutionListener@6e855627]
]]></system-err>
</testsuite>
