<?xml version="1.0" encoding="UTF-8"?>
<testsuite name="moviebuddy.domain.MovieFinderTest" tests="2" skipped="0" failures="0" errors="0" timestamp="2022-09-16T05:44:06" hostname="DESKTOP-FLOUDI3" time="0.117">
  <properties/>
  <testcase name="NotEmpty_ReleasedYearBy()" classname="moviebuddy.domain.MovieFinderTest" time="0.087"/>
  <testcase name="NotEmpty_directedBy()" classname="moviebuddy.domain.MovieFinderTest" time="0.016"/>
  <system-out><![CDATA[]]></system-out>
  <system-err><![CDATA[]]></system-err>
</testsuite>
